/*C19*/SET SCHEMA PUBLIC
\u000a    alter table Ranking \u000a        drop constraint FKive1infoo3bhngyyh21wpjowd
\u000a    alter table Ranking \u000a        drop constraint FK4k8xflg6vgtx54xdi3l86oxv3
\u000a    alter table Ranking \u000a        drop constraint FKco74nphdiivkvnlujo211y2s9
\u000a    drop table Person if exists
\u000a    drop table Ranking if exists
\u000a    drop table Skill if exists
\u000a    create table Person (\u000a        id bigint generated by default as identity (start with 1),\u000a        name varchar(255),\u000a        primary key (id)\u000a    )
\u000a    create table Ranking (\u000a        id bigint generated by default as identity (start with 1),\u000a        ranking integer,\u000a        observer_id bigint,\u000a        skill_id bigint,\u000a        subject_id bigint,\u000a        primary key (id)\u000a    )
\u000a    create table Skill (\u000a        id bigint generated by default as identity (start with 1),\u000a        name varchar(255),\u000a        primary key (id)\u000a    )
\u000a    alter table Person \u000a        add constraint UK_is4vd0f6kw9sw4dxyie5cy9fa unique (name)
\u000a    alter table Ranking \u000a        add constraint FKive1infoo3bhngyyh21wpjowd \u000a        foreign key (observer_id) \u000a        references Person
\u000a    alter table Ranking \u000a        add constraint FK4k8xflg6vgtx54xdi3l86oxv3 \u000a        foreign key (skill_id) \u000a        references Skill
\u000a    alter table Ranking \u000a        add constraint FKco74nphdiivkvnlujo211y2s9 \u000a        foreign key (subject_id) \u000a        references Person
INSERT INTO PERSON VALUES(1,'J. C. Smell')
INSERT INTO PERSON VALUES(2,'Drew Lombardo')
INSERT INTO SKILL VALUES(1,'Mule')
INSERT INTO RANKING VALUES(1,8,2,1,1)
COMMIT
INSERT INTO PERSON VALUES(3,'Somebody')
INSERT INTO PERSON VALUES(4,'Nobody')
INSERT INTO SKILL VALUES(2,'Java')
INSERT INTO RANKING VALUES(2,9,4,2,3)
COMMIT
INSERT INTO RANKING VALUES(3,7,4,2,3)
COMMIT
INSERT INTO SKILL VALUES(3,'Python')
INSERT INTO RANKING VALUES(4,7,4,3,3)
COMMIT
INSERT INTO RANKING VALUES(5,5,4,3,3)
COMMIT
INSERT INTO PERSON VALUES(5,'A')
INSERT INTO PERSON VALUES(6,'B')
INSERT INTO SKILL VALUES(4,'C')
INSERT INTO RANKING VALUES(6,4,6,4,5)
COMMIT
INSERT INTO RANKING VALUES(7,5,6,4,5)
COMMIT
INSERT INTO RANKING VALUES(8,6,6,4,5)
COMMIT
INSERT INTO RANKING VALUES(9,7,6,4,5)
COMMIT
INSERT INTO RANKING VALUES(10,8,6,4,5)
COMMIT
INSERT INTO PERSON VALUES(7,'S1')
INSERT INTO PERSON VALUES(8,'O1')
INSERT INTO SKILL VALUES(5,'Sk1')
INSERT INTO RANKING VALUES(11,6,8,5,7)
COMMIT
INSERT INTO PERSON VALUES(9,'O2')
INSERT INTO RANKING VALUES(12,8,9,5,7)
COMMIT
INSERT INTO PERSON VALUES(10,'S2')
INSERT INTO RANKING VALUES(13,5,8,5,10)
COMMIT
INSERT INTO RANKING VALUES(14,7,9,5,10)
COMMIT
/*C17*/SET SCHEMA PUBLIC
INSERT INTO PERSON VALUES(11,'S3')
INSERT INTO RANKING VALUES(15,7,8,5,11)
COMMIT
INSERT INTO RANKING VALUES(16,9,9,5,11)
COMMIT
/*C19*/INSERT INTO SKILL VALUES(6,'Sk2')
INSERT INTO RANKING VALUES(17,2,9,6,7)
COMMIT
/*C20*/SET SCHEMA PUBLIC
\u000a    alter table Ranking \u000a        drop constraint FKive1infoo3bhngyyh21wpjowd
\u000a    alter table Ranking \u000a        drop constraint FK4k8xflg6vgtx54xdi3l86oxv3
\u000a    alter table Ranking \u000a        drop constraint FKco74nphdiivkvnlujo211y2s9
\u000a    drop table Person if exists
\u000a    drop table Ranking if exists
\u000a    drop table Skill if exists
\u000a    create table Person (\u000a        id bigint generated by default as identity (start with 1),\u000a        name varchar(255),\u000a        primary key (id)\u000a    )
\u000a    create table Ranking (\u000a        id bigint generated by default as identity (start with 1),\u000a        ranking integer,\u000a        observer_id bigint,\u000a        skill_id bigint,\u000a        subject_id bigint,\u000a        primary key (id)\u000a    )
\u000a    create table Skill (\u000a        id bigint generated by default as identity (start with 1),\u000a        name varchar(255),\u000a        primary key (id)\u000a    )
\u000a    alter table Person \u000a        add constraint UK_is4vd0f6kw9sw4dxyie5cy9fa unique (name)
\u000a    alter table Ranking \u000a        add constraint FKive1infoo3bhngyyh21wpjowd \u000a        foreign key (observer_id) \u000a        references Person
\u000a    alter table Ranking \u000a        add constraint FK4k8xflg6vgtx54xdi3l86oxv3 \u000a        foreign key (skill_id) \u000a        references Skill
\u000a    alter table Ranking \u000a        add constraint FKco74nphdiivkvnlujo211y2s9 \u000a        foreign key (subject_id) \u000a        references Person
INSERT INTO PERSON VALUES(1,'J. C. Smell')
COMMIT
/*C25*/SET SCHEMA PUBLIC
\u000a    alter table Ranking \u000a        drop constraint FKive1infoo3bhngyyh21wpjowd
\u000a    alter table Ranking \u000a        drop constraint FK4k8xflg6vgtx54xdi3l86oxv3
\u000a    alter table Ranking \u000a        drop constraint FKco74nphdiivkvnlujo211y2s9
\u000a    drop table Person if exists
\u000a    drop table Ranking if exists
\u000a    drop table Skill if exists
\u000a    create table Person (\u000a        id bigint generated by default as identity (start with 1),\u000a        name varchar(255),\u000a        primary key (id)\u000a    )
\u000a    create table Ranking (\u000a        id bigint generated by default as identity (start with 1),\u000a        ranking integer,\u000a        observer_id bigint,\u000a        skill_id bigint,\u000a        subject_id bigint,\u000a        primary key (id)\u000a    )
\u000a    create table Skill (\u000a        id bigint generated by default as identity (start with 1),\u000a        name varchar(255),\u000a        primary key (id)\u000a    )
\u000a    alter table Person \u000a        add constraint UK_is4vd0f6kw9sw4dxyie5cy9fa unique (name)
\u000a    alter table Ranking \u000a        add constraint FKive1infoo3bhngyyh21wpjowd \u000a        foreign key (observer_id) \u000a        references Person
\u000a    alter table Ranking \u000a        add constraint FK4k8xflg6vgtx54xdi3l86oxv3 \u000a        foreign key (skill_id) \u000a        references Skill
\u000a    alter table Ranking \u000a        add constraint FKco74nphdiivkvnlujo211y2s9 \u000a        foreign key (subject_id) \u000a        references Person
INSERT INTO PERSON VALUES(1,'J. C. Smell')
INSERT INTO PERSON VALUES(2,'Gene Showrama')
INSERT INTO SKILL VALUES(1,'Java')
INSERT INTO RANKING VALUES(1,6,2,1,1)
INSERT INTO PERSON VALUES(3,'Scottball Most')
INSERT INTO RANKING VALUES(2,7,3,1,1)
INSERT INTO PERSON VALUES(4,'Drew Lombardo')
INSERT INTO RANKING VALUES(3,8,4,1,1)
COMMIT
DELETE FROM RANKING WHERE ID=1
INSERT INTO RANKING VALUES(1,9,2,1,1)
COMMIT
/*C23*/SET SCHEMA PUBLIC
DISCONNECT
/*C24*/SET SCHEMA PUBLIC
DISCONNECT
/*C25*/DISCONNECT
/*C26*/SET SCHEMA PUBLIC
\u000a    alter table Ranking \u000a        drop constraint FKive1infoo3bhngyyh21wpjowd
\u000a    alter table Ranking \u000a        drop constraint FK4k8xflg6vgtx54xdi3l86oxv3
\u000a    alter table Ranking \u000a        drop constraint FKco74nphdiivkvnlujo211y2s9
\u000a    drop table Person if exists
\u000a    drop table Ranking if exists
\u000a    drop table Skill if exists
\u000a    create table Person (\u000a        id bigint generated by default as identity (start with 1),\u000a        name varchar(255),\u000a        primary key (id)\u000a    )
\u000a    create table Ranking (\u000a        id bigint generated by default as identity (start with 1),\u000a        ranking integer,\u000a        observer_id bigint,\u000a        skill_id bigint,\u000a        subject_id bigint,\u000a        primary key (id)\u000a    )
\u000a    create table Skill (\u000a        id bigint generated by default as identity (start with 1),\u000a        name varchar(255),\u000a        primary key (id)\u000a    )
\u000a    alter table Person \u000a        add constraint UK_is4vd0f6kw9sw4dxyie5cy9fa unique (name)
\u000a    alter table Ranking \u000a        add constraint FKive1infoo3bhngyyh21wpjowd \u000a        foreign key (observer_id) \u000a        references Person
\u000a    alter table Ranking \u000a        add constraint FK4k8xflg6vgtx54xdi3l86oxv3 \u000a        foreign key (skill_id) \u000a        references Skill
\u000a    alter table Ranking \u000a        add constraint FKco74nphdiivkvnlujo211y2s9 \u000a        foreign key (subject_id) \u000a        references Person
INSERT INTO PERSON VALUES(1,'J. C. Smell')
INSERT INTO PERSON VALUES(2,'Gene Showrama')
INSERT INTO SKILL VALUES(1,'Java')
INSERT INTO RANKING VALUES(1,6,2,1,1)
INSERT INTO PERSON VALUES(3,'Scottball Most')
INSERT INTO RANKING VALUES(2,7,3,1,1)
INSERT INTO PERSON VALUES(4,'Drew Lombardo')
INSERT INTO RANKING VALUES(3,8,4,1,1)
COMMIT
DELETE FROM RANKING WHERE ID=1
COMMIT
/*C28*/SET SCHEMA PUBLIC
DISCONNECT
/*C27*/SET SCHEMA PUBLIC
DISCONNECT
/*C26*/DISCONNECT
/*C29*/SET SCHEMA PUBLIC
\u000a    alter table Ranking \u000a        drop constraint FKive1infoo3bhngyyh21wpjowd
\u000a    alter table Ranking \u000a        drop constraint FK4k8xflg6vgtx54xdi3l86oxv3
\u000a    alter table Ranking \u000a        drop constraint FKco74nphdiivkvnlujo211y2s9
\u000a    drop table Person if exists
\u000a    drop table Ranking if exists
\u000a    drop table Skill if exists
\u000a    create table Person (\u000a        id bigint generated by default as identity (start with 1),\u000a        name varchar(255),\u000a        primary key (id)\u000a    )
\u000a    create table Ranking (\u000a        id bigint generated by default as identity (start with 1),\u000a        ranking integer,\u000a        observer_id bigint,\u000a        skill_id bigint,\u000a        subject_id bigint,\u000a        primary key (id)\u000a    )
\u000a    create table Skill (\u000a        id bigint generated by default as identity (start with 1),\u000a        name varchar(255),\u000a        primary key (id)\u000a    )
\u000a    alter table Person \u000a        add constraint UK_is4vd0f6kw9sw4dxyie5cy9fa unique (name)
\u000a    alter table Ranking \u000a        add constraint FKive1infoo3bhngyyh21wpjowd \u000a        foreign key (observer_id) \u000a        references Person
\u000a    alter table Ranking \u000a        add constraint FK4k8xflg6vgtx54xdi3l86oxv3 \u000a        foreign key (skill_id) \u000a        references Skill
\u000a    alter table Ranking \u000a        add constraint FKco74nphdiivkvnlujo211y2s9 \u000a        foreign key (subject_id) \u000a        references Person
INSERT INTO PERSON VALUES(1,'J. C. Smell')
INSERT INTO PERSON VALUES(2,'Gene Showrama')
INSERT INTO SKILL VALUES(1,'Java')
INSERT INTO RANKING VALUES(1,6,2,1,1)
INSERT INTO PERSON VALUES(3,'Scottball Most')
INSERT INTO RANKING VALUES(2,7,3,1,1)
INSERT INTO PERSON VALUES(4,'Drew Lombardo')
INSERT INTO RANKING VALUES(3,8,4,1,1)
COMMIT
DISCONNECT
/*C31*/SET SCHEMA PUBLIC
DISCONNECT
/*C30*/SET SCHEMA PUBLIC
DISCONNECT
/*C32*/SET SCHEMA PUBLIC
\u000a    alter table Ranking \u000a        drop constraint FKive1infoo3bhngyyh21wpjowd
\u000a    alter table Ranking \u000a        drop constraint FK4k8xflg6vgtx54xdi3l86oxv3
\u000a    alter table Ranking \u000a        drop constraint FKco74nphdiivkvnlujo211y2s9
\u000a    drop table Person if exists
\u000a    drop table Ranking if exists
\u000a    drop table Skill if exists
\u000a    create table Person (\u000a        id bigint generated by default as identity (start with 1),\u000a        name varchar(255),\u000a        primary key (id)\u000a    )
\u000a    create table Ranking (\u000a        id bigint generated by default as identity (start with 1),\u000a        ranking integer,\u000a        observer_id bigint,\u000a        skill_id bigint,\u000a        subject_id bigint,\u000a        primary key (id)\u000a    )
\u000a    create table Skill (\u000a        id bigint generated by default as identity (start with 1),\u000a        name varchar(255),\u000a        primary key (id)\u000a    )
\u000a    alter table Person \u000a        add constraint UK_is4vd0f6kw9sw4dxyie5cy9fa unique (name)
\u000a    alter table Ranking \u000a        add constraint FKive1infoo3bhngyyh21wpjowd \u000a        foreign key (observer_id) \u000a        references Person
\u000a    alter table Ranking \u000a        add constraint FK4k8xflg6vgtx54xdi3l86oxv3 \u000a        foreign key (skill_id) \u000a        references Skill
\u000a    alter table Ranking \u000a        add constraint FKco74nphdiivkvnlujo211y2s9 \u000a        foreign key (subject_id) \u000a        references Person
INSERT INTO PERSON VALUES(1,'J. C. Smell')
INSERT INTO PERSON VALUES(2,'Drew Lombardo')
INSERT INTO SKILL VALUES(1,'Java')
INSERT INTO RANKING VALUES(1,8,2,1,1)
COMMIT
